<?xml version="1.0" encoding="UTF-8"?>
<testng-results ignored="0" total="1" passed="0" failed="1" skipped="0">
  <reporter-output>
    <line>
      <![CDATA[Default suite is Started]]>
    </line>
    <line>
      <![CDATA[WelcomePage is Displayed]]>
    </line>
    <line>
      <![CDATA[Login]]>
    </line>
    <line>
      <![CDATA[addAddress is Stareted Execution]]>
    </line>
    <line>
      <![CDATA[addAddress is Failed and Screenshot is Captured]]>
    </line>
    <line>
      <![CDATA[Logout]]>
    </line>
    <line>
      <![CDATA[Close Browser]]>
    </line>
  </reporter-output>
  <suite started-at="2024-10-26T10:31:16 IST" name="Default suite" finished-at="2024-10-26T10:31:26 IST" duration-ms="10847">
    <groups>
      <group name="Regression">
        <method signature="AddAddress.addAddress()[pri:0, instance:testscripts.AddAddress@54d9d12d]" name="addAddress" class="testscripts.AddAddress"/>
      </group> <!-- Regression -->
    </groups>
    <test started-at="2024-10-26T10:31:16 IST" name="Default test" finished-at="2024-10-26T10:31:26 IST" duration-ms="10847">
      <class name="testscripts.AddAddress">
        <test-method is-config="true" signature="openBrowser()[pri:0, instance:testscripts.AddAddress@54d9d12d]" started-at="2024-10-26T10:31:16 IST" name="openBrowser" finished-at="2024-10-26T10:31:22 IST" duration-ms="6140" status="PASS">
          <reporter-output>
            <line>
              <![CDATA[WelcomePage is Displayed]]>
            </line>
          </reporter-output>
        </test-method> <!-- openBrowser -->
        <test-method is-config="true" signature="login()[pri:0, instance:testscripts.AddAddress@54d9d12d]" started-at="2024-10-26T10:31:22 IST" name="login" finished-at="2024-10-26T10:31:25 IST" duration-ms="2659" status="PASS">
          <reporter-output>
            <line>
              <![CDATA[Login]]>
            </line>
          </reporter-output>
        </test-method> <!-- login -->
        <test-method signature="addAddress()[pri:0, instance:testscripts.AddAddress@54d9d12d]" started-at="2024-10-26T10:31:25 IST" name="addAddress" finished-at="2024-10-26T10:31:25 IST" duration-ms="427" status="FAIL">
          <exception class="java.lang.AssertionError">
            <message>
              <![CDATA[null]]>
            </message>
            <full-stacktrace>
              <![CDATA[java.lang.AssertionError: null
at org.testng.Assert.fail(Assert.java:111)
at org.testng.Assert.fail(Assert.java:116)
at testscripts.AddAddress.addAddress(AddAddress.java:20)
at java.base/jdk.internal.reflect.DirectMethodHandleAccessor.invoke(DirectMethodHandleAccessor.java:103)
at java.base/java.lang.reflect.Method.invoke(Method.java:580)
at org.testng.internal.invokers.MethodInvocationHelper.invokeMethod(MethodInvocationHelper.java:141)
at org.testng.internal.invokers.TestInvoker.invokeMethod(TestInvoker.java:686)
at org.testng.internal.invokers.TestInvoker.invokeTestMethod(TestInvoker.java:230)
at org.testng.internal.invokers.MethodRunner.runInSequence(MethodRunner.java:63)
at org.testng.internal.invokers.TestInvoker$MethodInvocationAgent.invoke(TestInvoker.java:992)
at org.testng.internal.invokers.TestInvoker.invokeTestMethods(TestInvoker.java:203)
at org.testng.internal.invokers.TestMethodWorker.invokeTestMethods(TestMethodWorker.java:154)
at org.testng.internal.invokers.TestMethodWorker.run(TestMethodWorker.java:134)
at java.base/java.util.ArrayList.forEach(ArrayList.java:1596)
at org.testng.TestRunner.privateRun(TestRunner.java:739)
at org.testng.TestRunner.run(TestRunner.java:614)
at org.testng.SuiteRunner.runTest(SuiteRunner.java:421)
at org.testng.SuiteRunner.runSequentially(SuiteRunner.java:413)
at org.testng.SuiteRunner.privateRun(SuiteRunner.java:373)
at org.testng.SuiteRunner.run(SuiteRunner.java:312)
at org.testng.SuiteRunnerWorker.runSuite(SuiteRunnerWorker.java:52)
at org.testng.SuiteRunnerWorker.run(SuiteRunnerWorker.java:95)
at org.testng.TestNG.runSuitesSequentially(TestNG.java:1274)
at org.testng.TestNG.runSuitesLocally(TestNG.java:1208)
at org.testng.TestNG.runSuites(TestNG.java:1112)
at org.testng.TestNG.run(TestNG.java:1079)
at org.testng.remote.AbstractRemoteTestNG.run(AbstractRemoteTestNG.java:115)
at org.testng.remote.RemoteTestNG.initAndRun(RemoteTestNG.java:293)
at org.testng.remote.RemoteTestNG.main(RemoteTestNG.java:91)
]]>
            </full-stacktrace>
          </exception> <!-- java.lang.AssertionError -->
          <reporter-output>
            <line>
              <![CDATA[addAddress is Stareted Execution]]>
            </line>
            <line>
              <![CDATA[addAddress is Failed and Screenshot is Captured]]>
            </line>
          </reporter-output>
        </test-method> <!-- addAddress -->
        <test-method is-config="true" signature="logout()[pri:0, instance:testscripts.AddAddress@54d9d12d]" started-at="2024-10-26T10:31:25 IST" name="logout" finished-at="2024-10-26T10:31:26 IST" duration-ms="796" status="PASS">
          <reporter-output>
            <line>
              <![CDATA[Logout]]>
            </line>
          </reporter-output>
        </test-method> <!-- logout -->
        <test-method is-config="true" signature="closeBrowser()[pri:0, instance:testscripts.AddAddress@54d9d12d]" started-at="2024-10-26T10:31:26 IST" name="closeBrowser" finished-at="2024-10-26T10:31:26 IST" duration-ms="407" status="PASS">
          <reporter-output>
            <line>
              <![CDATA[Close Browser]]>
            </line>
          </reporter-output>
        </test-method> <!-- closeBrowser -->
      </class> <!-- testscripts.AddAddress -->
    </test> <!-- Default test -->
  </suite> <!-- Default suite -->
</testng-results>
